<?xml version="1.0" encoding="UTF-8"?>
<testng-results ignored="0" total="2" passed="2" failed="0" skipped="0">
  <reporter-output>
  </reporter-output>
  <suite started-at="2025-12-18T18:41:28 IST" name="Automation Suite" finished-at="2025-12-18T18:41:35 IST" duration-ms="6743">
    <groups>
    </groups>
    <test started-at="2025-12-18T18:41:28 IST" name="UI Tests" finished-at="2025-12-18T18:41:35 IST" duration-ms="6743">
      <class name="tests.LoginTest">
        <test-method is-config="true" signature="setup()[pri:0, instance:tests.LoginTest@3eb738bb]" started-at="2025-12-18T18:41:29 IST" name="setup" finished-at="2025-12-18T18:41:31 IST" duration-ms="2562" status="PASS">
          <reporter-output>
          </reporter-output>
        </test-method> <!-- setup -->
        <test-method signature="validLoginTest()[pri:0, instance:tests.LoginTest@3eb738bb]" started-at="2025-12-18T18:41:31 IST" name="validLoginTest" finished-at="2025-12-18T18:41:32 IST" duration-ms="509" status="PASS">
          <reporter-output>
          </reporter-output>
        </test-method> <!-- validLoginTest -->
        <test-method is-config="true" signature="tearDown()[pri:0, instance:tests.LoginTest@3eb738bb]" started-at="2025-12-18T18:41:32 IST" name="tearDown" finished-at="2025-12-18T18:41:32 IST" duration-ms="233" status="PASS">
          <reporter-output>
          </reporter-output>
        </test-method> <!-- tearDown -->
      </class> <!-- tests.LoginTest -->
      <class name="tests.CartTest">
        <test-method is-config="true" signature="setup()[pri:0, instance:tests.CartTest@7bedc48a]" started-at="2025-12-18T18:41:32 IST" name="setup" finished-at="2025-12-18T18:41:34 IST" duration-ms="2430" status="PASS">
          <reporter-output>
          </reporter-output>
        </test-method> <!-- setup -->
        <test-method signature="addToCartTest()[pri:0, instance:tests.CartTest@7bedc48a]" started-at="2025-12-18T18:41:34 IST" name="addToCartTest" finished-at="2025-12-18T18:41:35 IST" duration-ms="714" status="PASS">
          <reporter-output>
          </reporter-output>
        </test-method> <!-- addToCartTest -->
        <test-method is-config="true" signature="tearDown()[pri:0, instance:tests.CartTest@7bedc48a]" started-at="2025-12-18T18:41:35 IST" name="tearDown" finished-at="2025-12-18T18:41:35 IST" duration-ms="244" status="PASS">
          <reporter-output>
          </reporter-output>
        </test-method> <!-- tearDown -->
      </class> <!-- tests.CartTest -->
    </test> <!-- UI Tests -->
  </suite> <!-- Automation Suite -->
</testng-results>
